Searching for include files...
Searching for example files...
Searching for images...
Searching for files in directory /tmp/nacl_tarball/build/native_client/documentation/images-dox
Searching for dot files...
Searching for files to exclude
Searching for files to process...
Searching for files in directory /tmp/nacl_tarball/build/native_client/documentation
Reading and parsing tag files
Preprocessing /tmp/nacl_tarball/build/native_client/src/third_party/nacl_sdk/linux/sdk/nacl-sdk/nacl/include/nacl/nacl_av.h...
Parsing file /tmp/nacl_tarball/build/native_client/src/third_party/nacl_sdk/linux/sdk/nacl-sdk/nacl/include/nacl/nacl_av.h...
Preprocessing /tmp/nacl_tarball/build/native_client/src/third_party/nacl_sdk/linux/sdk/nacl-sdk/nacl/include/nacl/nacl_npapi.h...
Parsing file /tmp/nacl_tarball/build/native_client/src/third_party/nacl_sdk/linux/sdk/nacl-sdk/nacl/include/nacl/nacl_npapi.h...
Preprocessing /tmp/nacl_tarball/build/native_client/src/third_party/nacl_sdk/linux/sdk/nacl-sdk/nacl/include/nacl/nacl_srpc.h...
Parsing file /tmp/nacl_tarball/build/native_client/src/third_party/nacl_sdk/linux/sdk/nacl-sdk/nacl/include/nacl/nacl_srpc.h...
Preprocessing /tmp/nacl_tarball/build/native_client/src/third_party/nacl_sdk/linux/sdk/nacl-sdk/nacl/include/sys/nacl_syscalls.h...
Parsing file /tmp/nacl_tarball/build/native_client/src/third_party/nacl_sdk/linux/sdk/nacl-sdk/nacl/include/sys/nacl_syscalls.h...
Preprocessing /tmp/nacl_tarball/build/native_client/src/third_party/nacl_sdk/linux/sdk/nacl-sdk/nacl/include/pthread.h...
Parsing file /tmp/nacl_tarball/build/native_client/src/third_party/nacl_sdk/linux/sdk/nacl-sdk/nacl/include/pthread.h...
Preprocessing /tmp/nacl_tarball/build/native_client/documentation/footer.dox...
Parsing file /tmp/nacl_tarball/build/native_client/documentation/footer.dox...
Preprocessing /tmp/nacl_tarball/build/native_client/documentation/header.dox...
Parsing file /tmp/nacl_tarball/build/native_client/documentation/header.dox...
Preprocessing /tmp/nacl_tarball/build/native_client/documentation/index.dox...
Parsing file /tmp/nacl_tarball/build/native_client/documentation/index.dox...
Preprocessing /tmp/nacl_tarball/build/native_client/documentation/modules.dox...
Parsing file /tmp/nacl_tarball/build/native_client/documentation/modules.dox...
Building group list...
Building directory list...
Building namespace list...
Building file list...
Searching for included using directives...
Building class list...
Associating documentation with classes...
Computing nesting relations for classes...
Searching for members imported via using declarations...
Building example list...
Searching for enumerations...
Searching for documented typedefs...
Searching for documented variables...
Building member list...
Searching for friends...
Searching for documented defines...
Computing class inheritance relations...
Computing class usage relations...
Flushing cached template relations that have become invalid...
Creating members for template instances...
Computing class relations...
Add enum values to enums...
Searching for member function documentation...
Building page list...
Search for main page...
Computing page relations...
Determining the scope of groups...
Sorting lists...
Freeing entry tree
Determining which enums are documented
Computing member relations...
Building full member lists recursively...
Adding members to member groups.
Computing member references...
Inheriting documentation...
Generating disk names...
Adding source references...
Adding todo/test/bug list items...
Counting data structures...
Resolving user defined references...
Finding anchors and sections in the documentation...
Combining using relations...
Adding members to index pages...
Generating style sheet...
Generating index page...
Generating page index...
Generating example documentation...
Generating file sources...
Generating file documentation...
Generating docs for file nacl/nacl_av.h...
Generating docs for file nacl/nacl_npapi.h...
Generating docs for file nacl/nacl_srpc.h...
Generating docs for file pthread.h...
Generating docs for file sys/nacl_syscalls.h...
Generating page documentation...
Generating group documentation...
Generating group index...
Generating class documentation...
Generating annotated compound index...
Generating alphabetical compound index...
Generating hierarchical class index...
Generating member index...
Generating docs for compound NaClSrpcArg...
Generating docs for compound NaClSrpcChannel...
Generating docs for compound NaClSrpcCharArray...
Generating docs for compound NaClSrpcDoubleArray...
Generating docs for compound NaClSrpcHandlerDesc...
Generating docs for compound NaClSrpcImcBuffer...
Generating docs for compound NaClSrpcIntArray...
Generating docs for compound NaClSrpcRpc...
Generating docs for compound NaClSrpcService...
Generating docs for compound NaClSrpcVariantArray...
Generating docs for compound pthread_attr_t...
Generating docs for compound pthread_cond_t...
Generating docs for compound pthread_condattr_t...
Generating docs for compound pthread_mutex_t...
Generating docs for compound pthread_mutexattr_t...
Generating docs for compound pthread_once_t...
Generating namespace index...
Generating namespace member index...
Generating graph info page...
Generating file index...
Generating example index...
Generating file member index...
